2021-05-26 10:58:08,385 INFO org.springframework.boot.StartupInfoLogger [main] Starting AdminAppApplication using Java 13.0.1 on DESKTOP-TLS5H9V with PID 18648 (C:\Users\evaje\OneDrive\Desktop\Skola\8_Semestar\Bezbednost u sistemima elektronskog poslovanja\projekat\BSEP_T4\adminApp\target\classes started by evaje in C:\Users\evaje\OneDrive\Desktop\Skola\8_Semestar\Bezbednost u sistemima elektronskog poslovanja\projekat\BSEP_T4\adminApp)
2021-05-26 10:58:08,649 INFO org.springframework.boot.SpringApplication [main] No active profile set, falling back to default profiles: default
2021-05-26 10:58:08,325 INFO org.hibernate.validator.internal.util.Version [background-preinit] HV000001: Hibernate Validator 6.1.7.Final
2021-05-26 10:58:13,639 INFO org.springframework.data.repository.config.RepositoryConfigurationDelegate [main] Bootstrapping Spring Data JPA repositories in DEFAULT mode.
2021-05-26 10:58:13,941 INFO org.springframework.data.repository.config.RepositoryConfigurationDelegate [main] Finished Spring Data repository scanning in 266 ms. Found 4 JPA repository interfaces.
2021-05-26 10:58:17,041 INFO org.springframework.boot.web.embedded.tomcat.TomcatWebServer [main] Tomcat initialized with port(s): 8082 (https)
2021-05-26 10:58:17,067 INFO org.apache.juli.logging.DirectJDKLog [main] Initializing ProtocolHandler ["https-jsse-nio-8082"]
2021-05-26 10:58:17,069 INFO org.apache.juli.logging.DirectJDKLog [main] Starting service [Tomcat]
2021-05-26 10:58:17,070 INFO org.apache.juli.logging.DirectJDKLog [main] Starting Servlet engine: [Apache Tomcat/9.0.44]
2021-05-26 10:58:17,555 INFO org.apache.juli.logging.DirectJDKLog [main] Initializing Spring embedded WebApplicationContext
2021-05-26 10:58:17,557 INFO org.springframework.boot.web.servlet.context.ServletWebServerApplicationContext [main] Root WebApplicationContext: initialization completed in 8477 ms
2021-05-26 10:58:17,857 WARN org.springframework.boot.autoconfigure.orm.jpa.JpaBaseConfiguration$JpaWebConfiguration [main] spring.jpa.open-in-view is enabled by default. Therefore, database queries may be performed during view rendering. Explicitly configure spring.jpa.open-in-view to disable this warning
2021-05-26 10:58:18,243 INFO org.hibernate.jpa.internal.util.LogHelper [main] HHH000204: Processing PersistenceUnitInfo [name: default]
2021-05-26 10:58:18,563 INFO org.hibernate.Version [main] HHH000412: Hibernate ORM core version 5.4.29.Final
2021-05-26 10:58:19,084 INFO org.hibernate.annotations.common.reflection.java.JavaReflectionManager [main] HCANN000001: Hibernate Commons Annotations {5.1.2.Final}
2021-05-26 10:58:19,449 INFO com.zaxxer.hikari.HikariDataSource [main] HikariPool-1 - Starting...
2021-05-26 10:58:19,771 INFO com.zaxxer.hikari.HikariDataSource [main] HikariPool-1 - Start completed.
2021-05-26 10:58:19,865 INFO org.hibernate.dialect.Dialect [main] HHH000400: Using dialect: org.hibernate.dialect.PostgreSQL10Dialect
2021-05-26 10:58:23,403 INFO org.hibernate.engine.transaction.jta.platform.internal.JtaPlatformInitiator [main] HHH000490: Using JtaPlatform implementation: [org.hibernate.engine.transaction.jta.platform.internal.NoJtaPlatform]
2021-05-26 10:58:23,429 INFO org.springframework.orm.jpa.AbstractEntityManagerFactoryBean [main] Initialized JPA EntityManagerFactory for persistence unit 'default'
2021-05-26 10:58:26,126 INFO org.springframework.security.web.DefaultSecurityFilterChain [main] Will secure any request with [org.springframework.security.web.context.request.async.WebAsyncManagerIntegrationFilter@32ae11c9, org.springframework.security.web.context.SecurityContextPersistenceFilter@3a0b6aff, org.springframework.security.web.header.HeaderWriterFilter@7683ea43, org.springframework.web.filter.CorsFilter@167bae0b, org.keycloak.adapters.springsecurity.filter.KeycloakPreAuthActionsFilter@6d45dd4, org.keycloak.adapters.springsecurity.filter.KeycloakAuthenticationProcessingFilter@5a99543b, org.springframework.security.web.authentication.logout.LogoutFilter@18ffc008, org.springframework.security.web.savedrequest.RequestCacheAwareFilter@3cd28235, org.springframework.security.web.servletapi.SecurityContextHolderAwareRequestFilter@3b663112, org.keycloak.adapters.springsecurity.filter.KeycloakSecurityContextRequestFilter@47f39279, org.keycloak.adapters.springsecurity.filter.KeycloakAuthenticatedActionsFilter@63ed5dae, org.springframework.security.web.authentication.AnonymousAuthenticationFilter@14980819, org.springframework.security.web.session.SessionManagementFilter@18356951, org.springframework.security.web.access.ExceptionTranslationFilter@820b78a, org.springframework.security.web.access.intercept.FilterSecurityInterceptor@1fc386f8]
2021-05-26 10:58:26,550 INFO org.springframework.scheduling.concurrent.ExecutorConfigurationSupport [main] Initializing ExecutorService 'applicationTaskExecutor'
2021-05-26 10:58:27,283 INFO org.apache.juli.logging.DirectJDKLog [main] Starting ProtocolHandler ["https-jsse-nio-8082"]
2021-05-26 10:58:29,398 INFO org.springframework.boot.web.embedded.tomcat.TomcatWebServer [main] Tomcat started on port(s): 8082 (https) with context path ''
2021-05-26 10:58:29,435 INFO org.springframework.boot.StartupInfoLogger [main] Started AdminAppApplication in 24.09 seconds (JVM running for 27.212)
