2021-05-30 14:12:07,164 INFO org.springframework.boot.StartupInfoLogger [main] Starting AdminAppApplication using Java 1.8.0_191 on DESKTOP-H71VBGP with PID 4480 (C:\Users\Ksenija\Desktop\BSEP_T4\adminApp\target\classes started by Ksenija in C:\Users\Ksenija\Desktop\BSEP_T4\adminApp)
2021-05-30 14:12:07,110 INFO org.hibernate.validator.internal.util.Version [background-preinit] HV000001: Hibernate Validator 6.1.7.Final
2021-05-30 14:12:07,272 INFO org.springframework.boot.SpringApplication [main] No active profile set, falling back to default profiles: default
2021-05-30 14:12:09,743 INFO org.springframework.data.repository.config.RepositoryConfigurationDelegate [main] Bootstrapping Spring Data JPA repositories in DEFAULT mode.
2021-05-30 14:12:09,914 INFO org.springframework.data.repository.config.RepositoryConfigurationDelegate [main] Finished Spring Data repository scanning in 154 ms. Found 4 JPA repository interfaces.
2021-05-30 14:12:12,175 INFO org.springframework.boot.web.embedded.tomcat.TomcatWebServer [main] Tomcat initialized with port(s): 8082 (https)
2021-05-30 14:12:12,199 INFO org.apache.juli.logging.DirectJDKLog [main] Initializing ProtocolHandler ["https-jsse-nio-8082"]
2021-05-30 14:12:12,202 INFO org.apache.juli.logging.DirectJDKLog [main] Starting service [Tomcat]
2021-05-30 14:12:12,203 INFO org.apache.juli.logging.DirectJDKLog [main] Starting Servlet engine: [Apache Tomcat/9.0.44]
2021-05-30 14:12:12,564 INFO org.apache.juli.logging.DirectJDKLog [main] Initializing Spring embedded WebApplicationContext
2021-05-30 14:12:12,566 INFO org.springframework.boot.web.servlet.context.ServletWebServerApplicationContext [main] Root WebApplicationContext: initialization completed in 5060 ms
2021-05-30 14:12:12,769 WARN org.springframework.boot.autoconfigure.orm.jpa.JpaBaseConfiguration$JpaWebConfiguration [main] spring.jpa.open-in-view is enabled by default. Therefore, database queries may be performed during view rendering. Explicitly configure spring.jpa.open-in-view to disable this warning
2021-05-30 14:12:13,049 INFO org.hibernate.jpa.internal.util.LogHelper [main] HHH000204: Processing PersistenceUnitInfo [name: default]
2021-05-30 14:12:13,220 INFO org.hibernate.Version [main] HHH000412: Hibernate ORM core version 5.4.29.Final
2021-05-30 14:12:13,695 INFO org.hibernate.annotations.common.reflection.java.JavaReflectionManager [main] HCANN000001: Hibernate Commons Annotations {5.1.2.Final}
2021-05-30 14:12:13,960 INFO com.zaxxer.hikari.HikariDataSource [main] HikariPool-1 - Starting...
2021-05-30 14:12:14,503 INFO com.zaxxer.hikari.HikariDataSource [main] HikariPool-1 - Start completed.
2021-05-30 14:12:14,596 INFO org.hibernate.dialect.Dialect [main] HHH000400: Using dialect: org.hibernate.dialect.PostgreSQL10Dialect
2021-05-30 14:12:17,240 INFO org.hibernate.engine.transaction.jta.platform.internal.JtaPlatformInitiator [main] HHH000490: Using JtaPlatform implementation: [org.hibernate.engine.transaction.jta.platform.internal.NoJtaPlatform]
2021-05-30 14:12:17,261 INFO org.springframework.orm.jpa.AbstractEntityManagerFactoryBean [main] Initialized JPA EntityManagerFactory for persistence unit 'default'
2021-05-30 14:12:19,249 INFO org.springframework.security.web.DefaultSecurityFilterChain [main] Will secure any request with [org.springframework.security.web.context.request.async.WebAsyncManagerIntegrationFilter@588d630d, org.springframework.security.web.context.SecurityContextPersistenceFilter@4cf230bf, org.springframework.security.web.header.HeaderWriterFilter@70c31b17, org.springframework.web.filter.CorsFilter@eb91027, org.keycloak.adapters.springsecurity.filter.KeycloakPreAuthActionsFilter@74c7522c, org.keycloak.adapters.springsecurity.filter.KeycloakAuthenticationProcessingFilter@52a67293, org.springframework.security.web.authentication.logout.LogoutFilter@2976ef56, org.springframework.security.web.savedrequest.RequestCacheAwareFilter@64665781, org.springframework.security.web.servletapi.SecurityContextHolderAwareRequestFilter@3220c28, org.keycloak.adapters.springsecurity.filter.KeycloakSecurityContextRequestFilter@49631cfb, org.keycloak.adapters.springsecurity.filter.KeycloakAuthenticatedActionsFilter@77b71c9, org.springframework.security.web.authentication.AnonymousAuthenticationFilter@459d2ee6, org.springframework.security.web.session.SessionManagementFilter@5950054d, org.springframework.security.web.access.ExceptionTranslationFilter@4fdac2a7, org.springframework.security.web.access.intercept.FilterSecurityInterceptor@70f98f7a]
2021-05-30 14:12:19,497 INFO org.springframework.scheduling.concurrent.ExecutorConfigurationSupport [main] Initializing ExecutorService 'applicationTaskExecutor'
2021-05-30 14:12:20,203 INFO org.apache.juli.logging.DirectJDKLog [main] Starting ProtocolHandler ["https-jsse-nio-8082"]
2021-05-30 14:12:21,003 INFO org.springframework.boot.web.embedded.tomcat.TomcatWebServer [main] Tomcat started on port(s): 8082 (https) with context path ''
2021-05-30 14:12:21,018 INFO org.springframework.boot.StartupInfoLogger [main] Started AdminAppApplication in 15.725 seconds (JVM running for 16.918)
2021-05-30 14:12:50,641 INFO org.apache.juli.logging.DirectJDKLog [https-jsse-nio-8082-exec-6] Initializing Spring DispatcherServlet 'dispatcherServlet'
2021-05-30 14:12:50,641 INFO org.springframework.web.servlet.FrameworkServlet [https-jsse-nio-8082-exec-6] Initializing Servlet 'dispatcherServlet'
2021-05-30 14:12:50,645 INFO org.springframework.web.servlet.FrameworkServlet [https-jsse-nio-8082-exec-6] Completed initialization in 2 ms
